[ 2015-01-19 19:08:39.4946 61648/0x7fff7c51e310 agents/Watchdog/Main.cpp:538 ]: Options: { 'analytics_log_user' => 'Nikos', 'cleanup_pidfiles' => 'L3Zhci9mb2xkZXJzLzZtL3dqYl9oN3I1NTM1NW5ncmp5azZxZjBnYzAwMDBnbi9UL3Bhc3Nlbmdlci1zdGFuZGFsb25lLjFrcHhscDMvdGVtcF9kaXJfdG91Y2hlci5waWQ=', 'default_group' => 'staff', 'default_python' => 'python', 'default_ruby' => '/Users/Nikos/.rvm/gems/ruby-2.1.3/wrappers/ruby', 'default_user' => 'Nikos', 'log_level' => '0', 'max_pool_size' => '6', 'passenger_root' => '/var/folders/6m/wjb_h7r55355ngrjyk6qf0gc0000gn/T/passenger-standalone.1kpxlp3/locations.ini', 'passenger_version' => '4.0.57', 'pool_idle_time' => '300', 'prestart_urls' => 'aHR0cDovLzAuMC4wLjA6NDU2NwA=', 'temp_dir' => '/tmp', 'union_station_gateway_address' => 'gateway.unionstationapp.com', 'union_station_gateway_port' => '443', 'user_switching' => 'false', 'web_server_passenger_version' => '4.0.57', 'web_server_pid' => '61647', 'web_server_type' => 'nginx', 'web_server_worker_gid' => '-1', 'web_server_worker_uid' => '-1' }
[ 2015-01-19 19:08:39.5157 61650/0x7fff7c51e310 agents/HelperAgent/Main.cpp:650 ]: PassengerHelperAgent online, listening at unix:/tmp/passenger.1.0.61647/generation-0/request
[ 2015-01-19 19:08:39.5253 61652/0x7fff7c51e310 agents/LoggingAgent/Main.cpp:321 ]: PassengerLoggingAgent online, listening at unix:/tmp/passenger.1.0.61647/generation-0/logging
[ 2015-01-19 19:08:39.5256 61648/0x7fff7c51e310 agents/Watchdog/Main.cpp:728 ]: All Phusion Passenger agents started!
App 61665 stdout: 
[ 2015-01-19 19:08:43.5008 61650/0x101c3a000 Pool2/SmartSpawner.h:298 ]: Preloader for /Users/Nikos/Desktop/Programming/Github/sinatra_job_search_multisource started on PID 61665, listening on unix:/tmp/passenger.1.0.61647/generation-0/backends/preloader.1uc3u00
App 61678 stdout: 
App 61665 stderr: 127.0.0.1 - - [19/Jan/2015 19:08:43] "HEAD / " 200 27855 0.0270
[ 2015-01-19 21:44:08.2509 65292/0x7fff7c51e310 agents/Watchdog/Main.cpp:538 ]: Options: { 'analytics_log_user' => 'Nikos', 'cleanup_pidfiles' => 'L3Zhci9mb2xkZXJzLzZtL3dqYl9oN3I1NTM1NW5ncmp5azZxZjBnYzAwMDBnbi9UL3Bhc3Nlbmdlci1zdGFuZGFsb25lLjE1MmxienUvdGVtcF9kaXJfdG91Y2hlci5waWQ=', 'default_group' => 'staff', 'default_python' => 'python', 'default_ruby' => '/Users/Nikos/.rvm/gems/ruby-2.1.3/wrappers/ruby', 'default_user' => 'Nikos', 'log_level' => '0', 'max_pool_size' => '6', 'passenger_root' => '/var/folders/6m/wjb_h7r55355ngrjyk6qf0gc0000gn/T/passenger-standalone.152lbzu/locations.ini', 'passenger_version' => '4.0.57', 'pool_idle_time' => '300', 'prestart_urls' => 'aHR0cDovLzAuMC4wLjA6NDU2NwA=', 'temp_dir' => '/tmp', 'union_station_gateway_address' => 'gateway.unionstationapp.com', 'union_station_gateway_port' => '443', 'user_switching' => 'false', 'web_server_passenger_version' => '4.0.57', 'web_server_pid' => '65291', 'web_server_type' => 'nginx', 'web_server_worker_gid' => '-1', 'web_server_worker_uid' => '-1' }
[ 2015-01-19 21:44:08.3392 65294/0x7fff7c51e310 agents/HelperAgent/Main.cpp:650 ]: PassengerHelperAgent online, listening at unix:/tmp/passenger.1.0.65291/generation-0/request
[ 2015-01-19 21:44:08.4004 65296/0x7fff7c51e310 agents/LoggingAgent/Main.cpp:321 ]: PassengerLoggingAgent online, listening at unix:/tmp/passenger.1.0.65291/generation-0/logging
[ 2015-01-19 21:44:08.4007 65292/0x7fff7c51e310 agents/Watchdog/Main.cpp:728 ]: All Phusion Passenger agents started!
App 65309 stdout: 
[ 2015-01-19 21:44:14.2025 65294/0x1098e3000 Pool2/SmartSpawner.h:298 ]: Preloader for /Users/Nikos/Desktop/Programming/Github/sinatra_job_search_multisource started on PID 65309, listening on unix:/tmp/passenger.1.0.65291/generation-0/backends/preloader.1gwjpvd
App 65327 stdout: 
App 65309 stderr: 127.0.0.1 - - [19/Jan/2015 21:44:14] "HEAD / " 200 27855 0.0985
[ 2015-01-19 21:59:48.8630 66183/0x7fff7c51e310 agents/Watchdog/Main.cpp:538 ]: Options: { 'analytics_log_user' => 'Nikos', 'cleanup_pidfiles' => 'L3Zhci9mb2xkZXJzLzZtL3dqYl9oN3I1NTM1NW5ncmp5azZxZjBnYzAwMDBnbi9UL3Bhc3Nlbmdlci1zdGFuZGFsb25lLjE5bXludDYvdGVtcF9kaXJfdG91Y2hlci5waWQ=', 'default_group' => 'staff', 'default_python' => 'python', 'default_ruby' => '/Users/Nikos/.rvm/gems/ruby-2.1.3/wrappers/ruby', 'default_user' => 'Nikos', 'log_level' => '0', 'max_pool_size' => '6', 'passenger_root' => '/var/folders/6m/wjb_h7r55355ngrjyk6qf0gc0000gn/T/passenger-standalone.19mynt6/locations.ini', 'passenger_version' => '4.0.57', 'pool_idle_time' => '300', 'prestart_urls' => 'aHR0cDovLzAuMC4wLjA6NDU2NwA=', 'temp_dir' => '/tmp', 'union_station_gateway_address' => 'gateway.unionstationapp.com', 'union_station_gateway_port' => '443', 'user_switching' => 'false', 'web_server_passenger_version' => '4.0.57', 'web_server_pid' => '66182', 'web_server_type' => 'nginx', 'web_server_worker_gid' => '-1', 'web_server_worker_uid' => '-1' }
[ 2015-01-19 21:59:48.9028 66185/0x7fff7c51e310 agents/HelperAgent/Main.cpp:650 ]: PassengerHelperAgent online, listening at unix:/tmp/passenger.1.0.66182/generation-0/request
[ 2015-01-19 21:59:48.9184 66187/0x7fff7c51e310 agents/LoggingAgent/Main.cpp:321 ]: PassengerLoggingAgent online, listening at unix:/tmp/passenger.1.0.66182/generation-0/logging
[ 2015-01-19 21:59:48.9188 66183/0x7fff7c51e310 agents/Watchdog/Main.cpp:728 ]: All Phusion Passenger agents started!
App 66207 stdout: 
[ 2015-01-19 21:59:53.3770 66185/0x10d55c000 Pool2/SmartSpawner.h:298 ]: Preloader for /Users/Nikos/Desktop/Programming/Github/sinatra_job_search_multisource started on PID 66207, listening on unix:/tmp/passenger.1.0.66182/generation-0/backends/preloader.1yvdn5o
App 66224 stdout: 
App 66207 stderr: 127.0.0.1 - - [19/Jan/2015 21:59:53] "HEAD / " 200 27855 0.0375
App 66207 stderr: 127.0.0.1 - - [19/Jan/2015 21:59:57] "GET / " 200 27855 0.0112
[ 2015-01-19 22:20:30.3400 67049/0x7fff7c51e310 agents/Watchdog/Main.cpp:538 ]: Options: { 'analytics_log_user' => 'Nikos', 'cleanup_pidfiles' => 'L3Zhci9mb2xkZXJzLzZtL3dqYl9oN3I1NTM1NW5ncmp5azZxZjBnYzAwMDBnbi9UL3Bhc3Nlbmdlci1zdGFuZGFsb25lLmpsbzQ2ci90ZW1wX2Rpcl90b3VjaGVyLnBpZA==', 'default_group' => 'staff', 'default_python' => 'python', 'default_ruby' => '/Users/Nikos/.rvm/gems/ruby-2.1.3/wrappers/ruby', 'default_user' => 'Nikos', 'log_level' => '0', 'max_pool_size' => '6', 'passenger_root' => '/var/folders/6m/wjb_h7r55355ngrjyk6qf0gc0000gn/T/passenger-standalone.jlo46r/locations.ini', 'passenger_version' => '4.0.57', 'pool_idle_time' => '300', 'prestart_urls' => 'aHR0cDovLzAuMC4wLjA6NDU2NwA=', 'temp_dir' => '/tmp', 'union_station_gateway_address' => 'gateway.unionstationapp.com', 'union_station_gateway_port' => '443', 'user_switching' => 'false', 'web_server_passenger_version' => '4.0.57', 'web_server_pid' => '67048', 'web_server_type' => 'nginx', 'web_server_worker_gid' => '-1', 'web_server_worker_uid' => '-1' }
[ 2015-01-19 22:20:30.4085 67051/0x7fff7c51e310 agents/HelperAgent/Main.cpp:650 ]: PassengerHelperAgent online, listening at unix:/tmp/passenger.1.0.67048/generation-0/request
[ 2015-01-19 22:20:30.4393 67053/0x7fff7c51e310 agents/LoggingAgent/Main.cpp:321 ]: PassengerLoggingAgent online, listening at unix:/tmp/passenger.1.0.67048/generation-0/logging
[ 2015-01-19 22:20:30.4396 67049/0x7fff7c51e310 agents/Watchdog/Main.cpp:728 ]: All Phusion Passenger agents started!
App 67066 stdout: 
[ 2015-01-19 22:20:34.8784 67051/0x1064c1000 Pool2/SmartSpawner.h:298 ]: Preloader for /Users/Nikos/Desktop/Programming/Github/sinatra_job_search_multisource started on PID 67066, listening on unix:/tmp/passenger.1.0.67048/generation-0/backends/preloader.13uwu8
App 67080 stdout: 
App 67066 stderr: 127.0.0.1 - - [19/Jan/2015 22:20:35] "HEAD / " 200 27855 0.0474
App 67066 stderr: 127.0.0.1 - - [19/Jan/2015 22:20:50] "GET / " 200 27855 0.0368
[ 2015-01-20 02:35:45.8242 75439/0x7fff7c51e310 agents/Watchdog/Main.cpp:538 ]: Options: { 'analytics_log_user' => 'Nikos', 'cleanup_pidfiles' => 'L3Zhci9mb2xkZXJzLzZtL3dqYl9oN3I1NTM1NW5ncmp5azZxZjBnYzAwMDBnbi9UL3Bhc3Nlbmdlci1zdGFuZGFsb25lLjFremh1cTIvdGVtcF9kaXJfdG91Y2hlci5waWQ=', 'default_group' => 'staff', 'default_python' => 'python', 'default_ruby' => '/Users/Nikos/.rvm/gems/ruby-2.1.3/wrappers/ruby', 'default_user' => 'Nikos', 'log_level' => '0', 'max_pool_size' => '6', 'passenger_root' => '/var/folders/6m/wjb_h7r55355ngrjyk6qf0gc0000gn/T/passenger-standalone.1kzhuq2/locations.ini', 'passenger_version' => '4.0.57', 'pool_idle_time' => '300', 'prestart_urls' => 'aHR0cDovLzAuMC4wLjA6NDU2NwA=', 'temp_dir' => '/tmp', 'union_station_gateway_address' => 'gateway.unionstationapp.com', 'union_station_gateway_port' => '443', 'user_switching' => 'false', 'web_server_passenger_version' => '4.0.57', 'web_server_pid' => '75438', 'web_server_type' => 'nginx', 'web_server_worker_gid' => '-1', 'web_server_worker_uid' => '-1' }
[ 2015-01-20 02:35:45.8790 75441/0x7fff7c51e310 agents/HelperAgent/Main.cpp:650 ]: PassengerHelperAgent online, listening at unix:/tmp/passenger.1.0.75438/generation-0/request
[ 2015-01-20 02:35:45.9038 75443/0x7fff7c51e310 agents/LoggingAgent/Main.cpp:321 ]: PassengerLoggingAgent online, listening at unix:/tmp/passenger.1.0.75438/generation-0/logging
[ 2015-01-20 02:35:45.9041 75439/0x7fff7c51e310 agents/Watchdog/Main.cpp:728 ]: All Phusion Passenger agents started!
App 75455 stdout: 
[ 2015-01-20 02:35:49.8578 75441/0x103f58000 Pool2/SmartSpawner.h:298 ]: Preloader for /Users/Nikos/Desktop/Programming/github/sinatra_job_search_multisource started on PID 75455, listening on unix:/tmp/passenger.1.0.75438/generation-0/backends/preloader.tpwepl
App 75468 stdout: 
App 75455 stderr: 127.0.0.1 - - [20/Jan/2015 02:35:49] "HEAD / " 200 27855 0.0285
[ 2015-01-20 02:52:33.0019 76145/0x7fff7c51e310 agents/Watchdog/Main.cpp:538 ]: Options: { 'analytics_log_user' => 'Nikos', 'cleanup_pidfiles' => 'L3Zhci9mb2xkZXJzLzZtL3dqYl9oN3I1NTM1NW5ncmp5azZxZjBnYzAwMDBnbi9UL3Bhc3Nlbmdlci1zdGFuZGFsb25lLng4azB1cy90ZW1wX2Rpcl90b3VjaGVyLnBpZA==', 'default_group' => 'staff', 'default_python' => 'python', 'default_ruby' => '/Users/Nikos/.rvm/gems/ruby-2.1.3/wrappers/ruby', 'default_user' => 'Nikos', 'log_level' => '0', 'max_pool_size' => '6', 'passenger_root' => '/var/folders/6m/wjb_h7r55355ngrjyk6qf0gc0000gn/T/passenger-standalone.x8k0us/locations.ini', 'passenger_version' => '4.0.57', 'pool_idle_time' => '300', 'prestart_urls' => 'aHR0cDovLzAuMC4wLjA6NDU2NwA=', 'temp_dir' => '/tmp', 'union_station_gateway_address' => 'gateway.unionstationapp.com', 'union_station_gateway_port' => '443', 'user_switching' => 'false', 'web_server_passenger_version' => '4.0.57', 'web_server_pid' => '76144', 'web_server_type' => 'nginx', 'web_server_worker_gid' => '-1', 'web_server_worker_uid' => '-1' }
[ 2015-01-20 02:52:33.0562 76147/0x7fff7c51e310 agents/HelperAgent/Main.cpp:650 ]: PassengerHelperAgent online, listening at unix:/tmp/passenger.1.0.76144/generation-0/request
[ 2015-01-20 02:52:33.0810 76149/0x7fff7c51e310 agents/LoggingAgent/Main.cpp:321 ]: PassengerLoggingAgent online, listening at unix:/tmp/passenger.1.0.76144/generation-0/logging
[ 2015-01-20 02:52:33.0813 76145/0x7fff7c51e310 agents/Watchdog/Main.cpp:728 ]: All Phusion Passenger agents started!
App 76162 stdout: 
[ 2015-01-20 02:52:37.0523 76147/0x109eb6000 Pool2/SmartSpawner.h:298 ]: Preloader for /Users/Nikos/Desktop/Programming/Github/sinatra_job_search_multisource started on PID 76162, listening on unix:/tmp/passenger.1.0.76144/generation-0/backends/preloader.1bqizh
App 76176 stdout: 
App 76162 stderr: 127.0.0.1 - - [20/Jan/2015 02:52:37] "HEAD / " 200 27855 0.0261
